checking for -Werror=unknown-warning-option... yes
checking for -Werror=unknown-attributes... yes
checking for -Werror=attributes... yes
checking for -Werror=ignored-attributes... yes
checking for -mdynamic-no-pic... yes
checking for -arch arm64... yes
x264 configure script

checking whether gcc works... yes
checking whether gcc supports for( int i = 0; i < 9; i++ ); with -std=gnu99... yes
checking whether gcc supports __attribute__((force_align_arg_pointer))... no
Failed commandline was:
--------------------------------------------------
gcc conftest.c  -Wall -I. -I$(SRCPATH) -mdynamic-no-pic -arch arm64 -std=gnu99 -D_GNU_SOURCE   -Werror=unknown-warning-option -Werror=unknown-attributes -Werror=attributes -Werror=ignored-attributes    -lm -arch arm64 -o conftest
conftest.c:1:16: error: unknown attribute 'force_align_arg_pointer' ignored [-Werror,-Wunknown-attributes]
__attribute__((force_align_arg_pointer))
               ^~~~~~~~~~~~~~~~~~~~~~~
1 error generated.
--------------------------------------------------
Failed program was:
--------------------------------------------------
__attribute__((force_align_arg_pointer))
int main (void) {  return 0; }
--------------------------------------------------
checking whether gcc supports __asm__("cmeq v0.8h, v0.8h, #0");... yes
checking whether gcc supports .func test
.endfunc... no
Failed commandline was:
--------------------------------------------------
gcc conftest.S  -I. -I$(SRCPATH) -DPREFIX -DPIC -arch arm64 -c  -o conftest.o
conftest.S:1:1: error: unknown directive
.func test
^
conftest.S:2:1: error: unknown directive
.endfunc
^
--------------------------------------------------
Failed program was:
--------------------------------------------------
.func test
.endfunc
--------------------------------------------------
checking for pthread_create(0,0,0,0); in pthread.h... yes
checking for volatile float x = 2; return log2f(x); in math.h... yes
checking for strtok_r(0, 0, 0); in string.h... yes
checking for clock_gettime(CLOCK_MONOTONIC, 0); in time.h... yes
checking whether defined(MAP_PRIVATE) is true... yes
checking for packages: libswscale libavutil... no
Failed commandline was:
--------------------------------------------------
pkg-config --exists libswscale libavutil
./configure: line 270: pkg-config: command not found
--------------------------------------------------
checking for sws_init_context(0,0,0); in libswscale/swscale.h... no
Failed commandline was:
--------------------------------------------------
gcc conftest.c  -Wall -I. -I$(SRCPATH) -mdynamic-no-pic -arch arm64 -std=gnu99 -D_GNU_SOURCE   -Werror=unknown-warning-option -Werror=unknown-attributes -Werror=attributes -Werror=ignored-attributes  -lswscale -lavutil   -lm -arch arm64 -lpthread -o conftest
conftest.c:1:10: fatal error: 'libswscale/swscale.h' file not found
#include <libswscale/swscale.h>
         ^~~~~~~~~~~~~~~~~~~~~~
1 error generated.
--------------------------------------------------
Failed program was:
--------------------------------------------------
#include <libswscale/swscale.h>
int main (void) { sws_init_context(0,0,0); return 0; }
--------------------------------------------------
checking for packages: libavformat libavcodec libavutil... no
Failed commandline was:
--------------------------------------------------
pkg-config --exists libavformat libavcodec libavutil
./configure: line 270: pkg-config: command not found
--------------------------------------------------
checking for -lavformat... no
Failed commandline was:
--------------------------------------------------
gcc conftest.c  -Wall -I. -I$(SRCPATH) -mdynamic-no-pic -arch arm64 -std=gnu99 -D_GNU_SOURCE   -Werror=unknown-warning-option -Werror=unknown-attributes -Werror=attributes -Werror=ignored-attributes -lavformat   -lm -arch arm64 -lpthread -o conftest
ld: library not found for -lavformat
clang: error: linker command failed with exit code 1 (use -v to see invocation)
--------------------------------------------------
Failed program was:
--------------------------------------------------
int main (void) {  return 0; }
--------------------------------------------------
checking for av_demuxer_iterate(0); in libavformat/avformat.h... no
Failed commandline was:
--------------------------------------------------
gcc conftest.c  -Wall -I. -I$(SRCPATH) -mdynamic-no-pic -arch arm64 -std=gnu99 -D_GNU_SOURCE   -Werror=unknown-warning-option -Werror=unknown-attributes -Werror=attributes -Werror=ignored-attributes     -lm -arch arm64 -lpthread -o conftest
conftest.c:1:10: fatal error: 'libavformat/avformat.h' file not found
#include <libavformat/avformat.h>
         ^~~~~~~~~~~~~~~~~~~~~~~~
1 error generated.
--------------------------------------------------
Failed program was:
--------------------------------------------------
#include <libavformat/avformat.h>
int main (void) { av_demuxer_iterate(0); return 0; }
--------------------------------------------------
checking for packages: ffms2... no
Failed commandline was:
--------------------------------------------------
pkg-config --exists ffms2
./configure: line 270: pkg-config: command not found
--------------------------------------------------
checking for FFMS_DestroyVideoSource(0); in ffms.h... no
Failed commandline was:
--------------------------------------------------
gcc conftest.c  -Wall -I. -I$(SRCPATH) -mdynamic-no-pic -arch arm64 -std=gnu99 -D_GNU_SOURCE   -Werror=unknown-warning-option -Werror=unknown-attributes -Werror=attributes -Werror=ignored-attributes  -lffms2   -lm -arch arm64 -lpthread -o conftest
conftest.c:1:10: fatal error: 'ffms.h' file not found
#include <ffms.h>
         ^~~~~~~~
1 error generated.
--------------------------------------------------
Failed program was:
--------------------------------------------------
#include <ffms.h>
int main (void) { FFMS_DestroyVideoSource(0); return 0; }
--------------------------------------------------
checking for FFMS_DestroyVideoSource(0); in ffms.h... no
Failed commandline was:
--------------------------------------------------
gcc conftest.c  -Wall -I. -I$(SRCPATH) -mdynamic-no-pic -arch arm64 -std=gnu99 -D_GNU_SOURCE   -Werror=unknown-warning-option -Werror=unknown-attributes -Werror=attributes -Werror=ignored-attributes  -lffms2 -lstdc++    -lm -arch arm64 -lpthread -o conftest
conftest.c:1:10: fatal error: 'ffms.h' file not found
#include <ffms.h>
         ^~~~~~~~
1 error generated.
--------------------------------------------------
Failed program was:
--------------------------------------------------
#include <ffms.h>
int main (void) { FFMS_DestroyVideoSource(0); return 0; }
--------------------------------------------------
checking for packages: liblsmash... no
Failed commandline was:
--------------------------------------------------
pkg-config --exists liblsmash
./configure: line 270: pkg-config: command not found
--------------------------------------------------
checking for lsmash_destroy_root(0); in lsmash.h... no
Failed commandline was:
--------------------------------------------------
gcc conftest.c  -Wall -I. -I$(SRCPATH) -mdynamic-no-pic -arch arm64 -std=gnu99 -D_GNU_SOURCE   -Werror=unknown-warning-option -Werror=unknown-attributes -Werror=attributes -Werror=ignored-attributes  -llsmash   -lm -arch arm64 -lpthread -o conftest
conftest.c:1:10: fatal error: 'lsmash.h' file not found
#include <lsmash.h>
         ^~~~~~~~~~
1 error generated.
--------------------------------------------------
Failed program was:
--------------------------------------------------
#include <lsmash.h>
int main (void) { lsmash_destroy_root(0); return 0; }
--------------------------------------------------
checking for packages: gpac... no
Failed commandline was:
--------------------------------------------------
pkg-config --exists gpac
./configure: line 270: pkg-config: command not found
--------------------------------------------------
checking for -lz... yes
checking for -ldl... yes
checking for gf_isom_close(0); in gpac/isomedia.h... no
Failed commandline was:
--------------------------------------------------
gcc conftest.c  -Wall -I. -I$(SRCPATH) -mdynamic-no-pic -arch arm64 -std=gnu99 -D_GNU_SOURCE   -Werror=unknown-warning-option -Werror=unknown-attributes -Werror=attributes -Werror=ignored-attributes  -lgpac_static -lz -ldl   -lm -arch arm64 -lpthread -o conftest
conftest.c:1:10: fatal error: 'gpac/isomedia.h' file not found
#include <gpac/isomedia.h>
         ^~~~~~~~~~~~~~~~~
1 error generated.
--------------------------------------------------
Failed program was:
--------------------------------------------------
#include <gpac/isomedia.h>
int main (void) { gf_isom_close(0); return 0; }
--------------------------------------------------
checking for uint32_t test_vec __attribute__ ((vector_size (16))) = {0,1,2,3}; in stdint.h... yes
checking for -fno-tree-vectorize... yes
checking for fseeko(stdin,0,0); in stdio.h... yes
checking for -Wshadow... yes
checking for -Wmaybe-uninitialized... no
Failed commandline was:
--------------------------------------------------
gcc conftest.c -Wshadow -O3 -ffast-math  -Wall -I. -I$(SRCPATH) -mdynamic-no-pic -arch arm64 -std=gnu99 -D_GNU_SOURCE -fomit-frame-pointer -fno-tree-vectorize   -Werror=unknown-warning-option -Werror=unknown-attributes -Werror=attributes -Werror=ignored-attributes -Wmaybe-uninitialized -ldl   -lm -arch arm64 -lpthread -o conftest
error: unknown warning option '-Wmaybe-uninitialized'; did you mean '-Wuninitialized'? [-Werror,-Wunknown-warning-option]
--------------------------------------------------
Failed program was:
--------------------------------------------------
int main (void) {  return 0; }
--------------------------------------------------
checking for -fvisibility=hidden... yes
checking for packages: bash-completion... no
Failed commandline was:
--------------------------------------------------
pkg-config --exists bash-completion
./configure: line 270: pkg-config: command not found
--------------------------------------------------

platform:       AARCH64
byte order:     little-endian
system:         MACOSX
cli:            yes
libx264:        internal
shared:         no
static:         no
bashcompletion: no
asm:            yes
interlaced:     yes
avs:            yes
lavf:           no
ffms:           no
mp4:            no
gpl:            yes
thread:         posix
opencl:         yes
filters:        crop select_every
lto:            no
debug:          no
gprof:          no
strip:          no
PIC:            no
bit depth:      all
chroma format:  all
